<?xml version="1.0" encoding="UTF-8"?>
<testsuite xmlns:xsi="http://www.w3.org/2001/XMLSchema-instance" xsi:noNamespaceSchemaLocation="https://maven.apache.org/surefire/maven-surefire-plugin/xsd/surefire-test-report-3.0.xsd" version="3.0" name="com.jodo.portal.JodoShoppingPortalApplicationTests" time="24.56" tests="1" errors="0" skipped="0" failures="0">
  <properties>
    <property name="java.specification.version" value="21"/>
    <property name="sun.cpu.isalist" value="amd64"/>
    <property name="sun.jnu.encoding" value="Cp1252"/>
    <property name="java.class.path" value="C:\Users\abhis\Downloads\JodoShoppingPortal\JodoShoppingPortal\target\test-classes;C:\Users\abhis\Downloads\JodoShoppingPortal\JodoShoppingPortal\target\classes;C:\Users\abhis\.m2\repository\org\springframework\boot\spring-boot-starter-data-jpa\3.2.10\spring-boot-starter-data-jpa-3.2.10.jar;C:\Users\abhis\.m2\repository\org\springframework\boot\spring-boot-starter-aop\3.2.10\spring-boot-starter-aop-3.2.10.jar;C:\Users\abhis\.m2\repository\org\aspectj\aspectjweaver\1.9.22.1\aspectjweaver-1.9.22.1.jar;C:\Users\abhis\.m2\repository\org\springframework\boot\spring-boot-starter-jdbc\3.2.10\spring-boot-starter-jdbc-3.2.10.jar;C:\Users\abhis\.m2\repository\com\zaxxer\HikariCP\5.0.1\HikariCP-5.0.1.jar;C:\Users\abhis\.m2\repository\org\springframework\spring-jdbc\6.1.13\spring-jdbc-6.1.13.jar;C:\Users\abhis\.m2\repository\org\hibernate\orm\hibernate-core\6.4.10.Final\hibernate-core-6.4.10.Final.jar;C:\Users\abhis\.m2\repository\jakarta\persistence\jakarta.persistence-api\3.1.0\jakarta.persistence-api-3.1.0.jar;C:\Users\abhis\.m2\repository\jakarta\transaction\jakarta.transaction-api\2.0.1\jakarta.transaction-api-2.0.1.jar;C:\Users\abhis\.m2\repository\org\jboss\logging\jboss-logging\3.5.3.Final\jboss-logging-3.5.3.Final.jar;C:\Users\abhis\.m2\repository\org\hibernate\common\hibernate-commons-annotations\6.0.6.Final\hibernate-commons-annotations-6.0.6.Final.jar;C:\Users\abhis\.m2\repository\io\smallrye\jandex\3.1.2\jandex-3.1.2.jar;C:\Users\abhis\.m2\repository\com\fasterxml\classmate\1.6.0\classmate-1.6.0.jar;C:\Users\abhis\.m2\repository\net\bytebuddy\byte-buddy\1.14.19\byte-buddy-1.14.19.jar;C:\Users\abhis\.m2\repository\org\glassfish\jaxb\jaxb-runtime\4.0.5\jaxb-runtime-4.0.5.jar;C:\Users\abhis\.m2\repository\org\glassfish\jaxb\jaxb-core\4.0.5\jaxb-core-4.0.5.jar;C:\Users\abhis\.m2\repository\org\glassfish\jaxb\txw2\4.0.5\txw2-4.0.5.jar;C:\Users\abhis\.m2\repository\com\sun\istack\istack-commons-runtime\4.1.2\istack-commons-runtime-4.1.2.jar;C:\Users\abhis\.m2\repository\jakarta\inject\jakarta.inject-api\2.0.1\jakarta.inject-api-2.0.1.jar;C:\Users\abhis\.m2\repository\org\antlr\antlr4-runtime\4.13.0\antlr4-runtime-4.13.0.jar;C:\Users\abhis\.m2\repository\org\springframework\data\spring-data-jpa\3.2.10\spring-data-jpa-3.2.10.jar;C:\Users\abhis\.m2\repository\org\springframework\data\spring-data-commons\3.2.10\spring-data-commons-3.2.10.jar;C:\Users\abhis\.m2\repository\org\springframework\spring-orm\6.1.13\spring-orm-6.1.13.jar;C:\Users\abhis\.m2\repository\org\springframework\spring-context\6.1.13\spring-context-6.1.13.jar;C:\Users\abhis\.m2\repository\org\springframework\spring-tx\6.1.13\spring-tx-6.1.13.jar;C:\Users\abhis\.m2\repository\org\springframework\spring-beans\6.1.13\spring-beans-6.1.13.jar;C:\Users\abhis\.m2\repository\org\slf4j\slf4j-api\2.0.16\slf4j-api-2.0.16.jar;C:\Users\abhis\.m2\repository\org\springframework\spring-aspects\6.1.13\spring-aspects-6.1.13.jar;C:\Users\abhis\.m2\repository\com\googlecode\gwt-crypto\gwt-crypto\2.3.0\gwt-crypto-2.3.0.jar;C:\Users\abhis\.m2\repository\org\springframework\boot\spring-boot-starter-mail\3.2.10\spring-boot-starter-mail-3.2.10.jar;C:\Users\abhis\.m2\repository\org\springframework\boot\spring-boot-starter\3.2.10\spring-boot-starter-3.2.10.jar;C:\Users\abhis\.m2\repository\org\springframework\boot\spring-boot-starter-logging\3.2.10\spring-boot-starter-logging-3.2.10.jar;C:\Users\abhis\.m2\repository\ch\qos\logback\logback-classic\1.4.14\logback-classic-1.4.14.jar;C:\Users\abhis\.m2\repository\ch\qos\logback\logback-core\1.4.14\logback-core-1.4.14.jar;C:\Users\abhis\.m2\repository\org\apache\logging\log4j\log4j-to-slf4j\2.21.1\log4j-to-slf4j-2.21.1.jar;C:\Users\abhis\.m2\repository\org\apache\logging\log4j\log4j-api\2.21.1\log4j-api-2.21.1.jar;C:\Users\abhis\.m2\repository\org\slf4j\jul-to-slf4j\2.0.16\jul-to-slf4j-2.0.16.jar;C:\Users\abhis\.m2\repository\org\yaml\snakeyaml\2.2\snakeyaml-2.2.jar;C:\Users\abhis\.m2\repository\org\springframework\spring-context-support\6.1.13\spring-context-support-6.1.13.jar;C:\Users\abhis\.m2\repository\org\eclipse\angus\jakarta.mail\2.0.3\jakarta.mail-2.0.3.jar;C:\Users\abhis\.m2\repository\jakarta\activation\jakarta.activation-api\2.1.3\jakarta.activation-api-2.1.3.jar;C:\Users\abhis\.m2\repository\org\eclipse\angus\angus-activation\2.0.2\angus-activation-2.0.2.jar;C:\Users\abhis\.m2\repository\org\springframework\boot\spring-boot-starter-web\3.2.10\spring-boot-starter-web-3.2.10.jar;C:\Users\abhis\.m2\repository\org\springframework\boot\spring-boot-starter-json\3.2.10\spring-boot-starter-json-3.2.10.jar;C:\Users\abhis\.m2\repository\com\fasterxml\jackson\datatype\jackson-datatype-jdk8\2.15.4\jackson-datatype-jdk8-2.15.4.jar;C:\Users\abhis\.m2\repository\com\fasterxml\jackson\datatype\jackson-datatype-jsr310\2.15.4\jackson-datatype-jsr310-2.15.4.jar;C:\Users\abhis\.m2\repository\com\fasterxml\jackson\module\jackson-module-parameter-names\2.15.4\jackson-module-parameter-names-2.15.4.jar;C:\Users\abhis\.m2\repository\org\springframework\spring-web\6.1.13\spring-web-6.1.13.jar;C:\Users\abhis\.m2\repository\io\micrometer\micrometer-observation\1.12.10\micrometer-observation-1.12.10.jar;C:\Users\abhis\.m2\repository\io\micrometer\micrometer-commons\1.12.10\micrometer-commons-1.12.10.jar;C:\Users\abhis\.m2\repository\org\springframework\spring-webmvc\6.1.13\spring-webmvc-6.1.13.jar;C:\Users\abhis\.m2\repository\org\springframework\spring-expression\6.1.13\spring-expression-6.1.13.jar;C:\Users\abhis\.m2\repository\org\springframework\boot\spring-boot-starter-security\3.2.10\spring-boot-starter-security-3.2.10.jar;C:\Users\abhis\.m2\repository\org\springframework\spring-aop\6.1.13\spring-aop-6.1.13.jar;C:\Users\abhis\.m2\repository\org\springframework\security\spring-security-config\6.2.6\spring-security-config-6.2.6.jar;C:\Users\abhis\.m2\repository\org\springframework\security\spring-security-core\6.2.6\spring-security-core-6.2.6.jar;C:\Users\abhis\.m2\repository\org\springframework\security\spring-security-crypto\6.2.6\spring-security-crypto-6.2.6.jar;C:\Users\abhis\.m2\repository\org\springframework\security\spring-security-web\6.2.6\spring-security-web-6.2.6.jar;C:\Users\abhis\.m2\repository\io\jsonwebtoken\jjwt-api\0.12.6\jjwt-api-0.12.6.jar;C:\Users\abhis\.m2\repository\io\jsonwebtoken\jjwt-impl\0.12.6\jjwt-impl-0.12.6.jar;C:\Users\abhis\.m2\repository\org\bouncycastle\bcprov-jdk15on\1.70\bcprov-jdk15on-1.70.jar;C:\Users\abhis\.m2\repository\io\jsonwebtoken\jjwt-jackson\0.12.6\jjwt-jackson-0.12.6.jar;C:\Users\abhis\.m2\repository\org\mapstruct\mapstruct\1.5.5.Final\mapstruct-1.5.5.Final.jar;C:\Users\abhis\.m2\repository\org\mapstruct\mapstruct-processor\1.5.5.Final\mapstruct-processor-1.5.5.Final.jar;C:\Users\abhis\.m2\repository\org\springframework\boot\spring-boot-starter-validation\3.2.10\spring-boot-starter-validation-3.2.10.jar;C:\Users\abhis\.m2\repository\org\apache\tomcat\embed\tomcat-embed-el\10.1.30\tomcat-embed-el-10.1.30.jar;C:\Users\abhis\.m2\repository\org\hibernate\validator\hibernate-validator\8.0.1.Final\hibernate-validator-8.0.1.Final.jar;C:\Users\abhis\.m2\repository\jakarta\validation\jakarta.validation-api\3.0.2\jakarta.validation-api-3.0.2.jar;C:\Users\abhis\.m2\repository\org\springframework\boot\spring-boot-devtools\3.2.10\spring-boot-devtools-3.2.10.jar;C:\Users\abhis\.m2\repository\org\springframework\boot\spring-boot\3.2.10\spring-boot-3.2.10.jar;C:\Users\abhis\.m2\repository\org\springframework\boot\spring-boot-autoconfigure\3.2.10\spring-boot-autoconfigure-3.2.10.jar;C:\Users\abhis\.m2\repository\com\mysql\mysql-connector-j\8.3.0\mysql-connector-j-8.3.0.jar;C:\Users\abhis\.m2\repository\org\projectlombok\lombok\1.18.34\lombok-1.18.34.jar;C:\Users\abhis\.m2\repository\org\springframework\boot\spring-boot-starter-tomcat\3.2.10\spring-boot-starter-tomcat-3.2.10.jar;C:\Users\abhis\.m2\repository\jakarta\annotation\jakarta.annotation-api\2.1.1\jakarta.annotation-api-2.1.1.jar;C:\Users\abhis\.m2\repository\org\apache\tomcat\embed\tomcat-embed-core\10.1.30\tomcat-embed-core-10.1.30.jar;C:\Users\abhis\.m2\repository\org\apache\tomcat\embed\tomcat-embed-websocket\10.1.30\tomcat-embed-websocket-10.1.30.jar;C:\Users\abhis\.m2\repository\org\springframework\boot\spring-boot-starter-test\3.2.10\spring-boot-starter-test-3.2.10.jar;C:\Users\abhis\.m2\repository\org\springframework\boot\spring-boot-test\3.2.10\spring-boot-test-3.2.10.jar;C:\Users\abhis\.m2\repository\org\springframework\boot\spring-boot-test-autoconfigure\3.2.10\spring-boot-test-autoconfigure-3.2.10.jar;C:\Users\abhis\.m2\repository\com\jayway\jsonpath\json-path\2.9.0\json-path-2.9.0.jar;C:\Users\abhis\.m2\repository\jakarta\xml\bind\jakarta.xml.bind-api\4.0.2\jakarta.xml.bind-api-4.0.2.jar;C:\Users\abhis\.m2\repository\net\minidev\json-smart\2.5.1\json-smart-2.5.1.jar;C:\Users\abhis\.m2\repository\net\minidev\accessors-smart\2.5.1\accessors-smart-2.5.1.jar;C:\Users\abhis\.m2\repository\org\ow2\asm\asm\9.6\asm-9.6.jar;C:\Users\abhis\.m2\repository\org\assertj\assertj-core\3.24.2\assertj-core-3.24.2.jar;C:\Users\abhis\.m2\repository\org\awaitility\awaitility\4.2.2\awaitility-4.2.2.jar;C:\Users\abhis\.m2\repository\org\hamcrest\hamcrest\2.2\hamcrest-2.2.jar;C:\Users\abhis\.m2\repository\org\junit\jupiter\junit-jupiter\5.10.3\junit-jupiter-5.10.3.jar;C:\Users\abhis\.m2\repository\org\junit\jupiter\junit-jupiter-api\5.10.3\junit-jupiter-api-5.10.3.jar;C:\Users\abhis\.m2\repository\org\opentest4j\opentest4j\1.3.0\opentest4j-1.3.0.jar;C:\Users\abhis\.m2\repository\org\junit\platform\junit-platform-commons\1.10.3\junit-platform-commons-1.10.3.jar;C:\Users\abhis\.m2\repository\org\apiguardian\apiguardian-api\1.1.2\apiguardian-api-1.1.2.jar;C:\Users\abhis\.m2\repository\org\junit\jupiter\junit-jupiter-params\5.10.3\junit-jupiter-params-5.10.3.jar;C:\Users\abhis\.m2\repository\org\junit\jupiter\junit-jupiter-engine\5.10.3\junit-jupiter-engine-5.10.3.jar;C:\Users\abhis\.m2\repository\org\junit\platform\junit-platform-engine\1.10.3\junit-platform-engine-1.10.3.jar;C:\Users\abhis\.m2\repository\org\mockito\mockito-core\5.7.0\mockito-core-5.7.0.jar;C:\Users\abhis\.m2\repository\net\bytebuddy\byte-buddy-agent\1.14.19\byte-buddy-agent-1.14.19.jar;C:\Users\abhis\.m2\repository\org\objenesis\objenesis\3.3\objenesis-3.3.jar;C:\Users\abhis\.m2\repository\org\mockito\mockito-junit-jupiter\5.7.0\mockito-junit-jupiter-5.7.0.jar;C:\Users\abhis\.m2\repository\org\skyscreamer\jsonassert\1.5.3\jsonassert-1.5.3.jar;C:\Users\abhis\.m2\repository\com\vaadin\external\google\android-json\0.0.20131108.vaadin1\android-json-0.0.20131108.vaadin1.jar;C:\Users\abhis\.m2\repository\org\springframework\spring-core\6.1.13\spring-core-6.1.13.jar;C:\Users\abhis\.m2\repository\org\springframework\spring-jcl\6.1.13\spring-jcl-6.1.13.jar;C:\Users\abhis\.m2\repository\org\springframework\spring-test\6.1.13\spring-test-6.1.13.jar;C:\Users\abhis\.m2\repository\org\xmlunit\xmlunit-core\2.9.1\xmlunit-core-2.9.1.jar;C:\Users\abhis\.m2\repository\org\springframework\boot\spring-boot-starter-data-redis\3.2.10\spring-boot-starter-data-redis-3.2.10.jar;C:\Users\abhis\.m2\repository\io\lettuce\lettuce-core\6.3.2.RELEASE\lettuce-core-6.3.2.RELEASE.jar;C:\Users\abhis\.m2\repository\io\netty\netty-common\4.1.113.Final\netty-common-4.1.113.Final.jar;C:\Users\abhis\.m2\repository\io\netty\netty-handler\4.1.113.Final\netty-handler-4.1.113.Final.jar;C:\Users\abhis\.m2\repository\io\netty\netty-resolver\4.1.113.Final\netty-resolver-4.1.113.Final.jar;C:\Users\abhis\.m2\repository\io\netty\netty-buffer\4.1.113.Final\netty-buffer-4.1.113.Final.jar;C:\Users\abhis\.m2\repository\io\netty\netty-transport-native-unix-common\4.1.113.Final\netty-transport-native-unix-common-4.1.113.Final.jar;C:\Users\abhis\.m2\repository\io\netty\netty-codec\4.1.113.Final\netty-codec-4.1.113.Final.jar;C:\Users\abhis\.m2\repository\io\netty\netty-transport\4.1.113.Final\netty-transport-4.1.113.Final.jar;C:\Users\abhis\.m2\repository\io\projectreactor\reactor-core\3.6.10\reactor-core-3.6.10.jar;C:\Users\abhis\.m2\repository\org\reactivestreams\reactive-streams\1.0.4\reactive-streams-1.0.4.jar;C:\Users\abhis\.m2\repository\org\springframework\data\spring-data-redis\3.2.10\spring-data-redis-3.2.10.jar;C:\Users\abhis\.m2\repository\org\springframework\data\spring-data-keyvalue\3.2.10\spring-data-keyvalue-3.2.10.jar;C:\Users\abhis\.m2\repository\org\springframework\spring-oxm\6.1.13\spring-oxm-6.1.13.jar;C:\Users\abhis\.m2\repository\com\fasterxml\jackson\core\jackson-databind\2.15.0\jackson-databind-2.15.0.jar;C:\Users\abhis\.m2\repository\com\fasterxml\jackson\core\jackson-annotations\2.15.4\jackson-annotations-2.15.4.jar;C:\Users\abhis\.m2\repository\com\fasterxml\jackson\core\jackson-core\2.15.4\jackson-core-2.15.4.jar;C:\Users\abhis\.m2\repository\com\google\code\gson\gson\2.10.1\gson-2.10.1.jar;C:\Users\abhis\.m2\repository\com\googlecode\json-simple\json-simple\1.1.1\json-simple-1.1.1.jar;C:\Users\abhis\.m2\repository\junit\junit\4.13.2\junit-4.13.2.jar;C:\Users\abhis\.m2\repository\org\hamcrest\hamcrest-core\2.2\hamcrest-core-2.2.jar;"/>
    <property name="java.vm.vendor" value="Oracle Corporation"/>
    <property name="sun.arch.data.model" value="64"/>
    <property name="user.variant" value=""/>
    <property name="java.vendor.url" value="https://java.oracle.com/"/>
    <property name="user.timezone" value="Asia/Calcutta"/>
    <property name="org.jboss.logging.provider" value="slf4j"/>
    <property name="os.name" value="Windows 11"/>
    <property name="java.vm.specification.version" value="21"/>
    <property name="sun.java.launcher" value="SUN_STANDARD"/>
    <property name="user.country" value="IN"/>
    <property name="sun.boot.library.path" value="C:\Program Files\Java\jdk-21.0.5\bin"/>
    <property name="sun.java.command" value="C:\Users\abhis\AppData\Local\Temp\surefire459579939370868273\surefirebooter-20241222093729924_3.jar C:\Users\abhis\AppData\Local\Temp\surefire459579939370868273 2024-12-22T09-37-29_488-jvmRun1 surefire-20241222093729924_1tmp surefire_0-20241222093729924_2tmp"/>
    <property name="jdk.debug" value="release"/>
    <property name="surefire.test.class.path" value="C:\Users\abhis\Downloads\JodoShoppingPortal\JodoShoppingPortal\target\test-classes;C:\Users\abhis\Downloads\JodoShoppingPortal\JodoShoppingPortal\target\classes;C:\Users\abhis\.m2\repository\org\springframework\boot\spring-boot-starter-data-jpa\3.2.10\spring-boot-starter-data-jpa-3.2.10.jar;C:\Users\abhis\.m2\repository\org\springframework\boot\spring-boot-starter-aop\3.2.10\spring-boot-starter-aop-3.2.10.jar;C:\Users\abhis\.m2\repository\org\aspectj\aspectjweaver\1.9.22.1\aspectjweaver-1.9.22.1.jar;C:\Users\abhis\.m2\repository\org\springframework\boot\spring-boot-starter-jdbc\3.2.10\spring-boot-starter-jdbc-3.2.10.jar;C:\Users\abhis\.m2\repository\com\zaxxer\HikariCP\5.0.1\HikariCP-5.0.1.jar;C:\Users\abhis\.m2\repository\org\springframework\spring-jdbc\6.1.13\spring-jdbc-6.1.13.jar;C:\Users\abhis\.m2\repository\org\hibernate\orm\hibernate-core\6.4.10.Final\hibernate-core-6.4.10.Final.jar;C:\Users\abhis\.m2\repository\jakarta\persistence\jakarta.persistence-api\3.1.0\jakarta.persistence-api-3.1.0.jar;C:\Users\abhis\.m2\repository\jakarta\transaction\jakarta.transaction-api\2.0.1\jakarta.transaction-api-2.0.1.jar;C:\Users\abhis\.m2\repository\org\jboss\logging\jboss-logging\3.5.3.Final\jboss-logging-3.5.3.Final.jar;C:\Users\abhis\.m2\repository\org\hibernate\common\hibernate-commons-annotations\6.0.6.Final\hibernate-commons-annotations-6.0.6.Final.jar;C:\Users\abhis\.m2\repository\io\smallrye\jandex\3.1.2\jandex-3.1.2.jar;C:\Users\abhis\.m2\repository\com\fasterxml\classmate\1.6.0\classmate-1.6.0.jar;C:\Users\abhis\.m2\repository\net\bytebuddy\byte-buddy\1.14.19\byte-buddy-1.14.19.jar;C:\Users\abhis\.m2\repository\org\glassfish\jaxb\jaxb-runtime\4.0.5\jaxb-runtime-4.0.5.jar;C:\Users\abhis\.m2\repository\org\glassfish\jaxb\jaxb-core\4.0.5\jaxb-core-4.0.5.jar;C:\Users\abhis\.m2\repository\org\glassfish\jaxb\txw2\4.0.5\txw2-4.0.5.jar;C:\Users\abhis\.m2\repository\com\sun\istack\istack-commons-runtime\4.1.2\istack-commons-runtime-4.1.2.jar;C:\Users\abhis\.m2\repository\jakarta\inject\jakarta.inject-api\2.0.1\jakarta.inject-api-2.0.1.jar;C:\Users\abhis\.m2\repository\org\antlr\antlr4-runtime\4.13.0\antlr4-runtime-4.13.0.jar;C:\Users\abhis\.m2\repository\org\springframework\data\spring-data-jpa\3.2.10\spring-data-jpa-3.2.10.jar;C:\Users\abhis\.m2\repository\org\springframework\data\spring-data-commons\3.2.10\spring-data-commons-3.2.10.jar;C:\Users\abhis\.m2\repository\org\springframework\spring-orm\6.1.13\spring-orm-6.1.13.jar;C:\Users\abhis\.m2\repository\org\springframework\spring-context\6.1.13\spring-context-6.1.13.jar;C:\Users\abhis\.m2\repository\org\springframework\spring-tx\6.1.13\spring-tx-6.1.13.jar;C:\Users\abhis\.m2\repository\org\springframework\spring-beans\6.1.13\spring-beans-6.1.13.jar;C:\Users\abhis\.m2\repository\org\slf4j\slf4j-api\2.0.16\slf4j-api-2.0.16.jar;C:\Users\abhis\.m2\repository\org\springframework\spring-aspects\6.1.13\spring-aspects-6.1.13.jar;C:\Users\abhis\.m2\repository\com\googlecode\gwt-crypto\gwt-crypto\2.3.0\gwt-crypto-2.3.0.jar;C:\Users\abhis\.m2\repository\org\springframework\boot\spring-boot-starter-mail\3.2.10\spring-boot-starter-mail-3.2.10.jar;C:\Users\abhis\.m2\repository\org\springframework\boot\spring-boot-starter\3.2.10\spring-boot-starter-3.2.10.jar;C:\Users\abhis\.m2\repository\org\springframework\boot\spring-boot-starter-logging\3.2.10\spring-boot-starter-logging-3.2.10.jar;C:\Users\abhis\.m2\repository\ch\qos\logback\logback-classic\1.4.14\logback-classic-1.4.14.jar;C:\Users\abhis\.m2\repository\ch\qos\logback\logback-core\1.4.14\logback-core-1.4.14.jar;C:\Users\abhis\.m2\repository\org\apache\logging\log4j\log4j-to-slf4j\2.21.1\log4j-to-slf4j-2.21.1.jar;C:\Users\abhis\.m2\repository\org\apache\logging\log4j\log4j-api\2.21.1\log4j-api-2.21.1.jar;C:\Users\abhis\.m2\repository\org\slf4j\jul-to-slf4j\2.0.16\jul-to-slf4j-2.0.16.jar;C:\Users\abhis\.m2\repository\org\yaml\snakeyaml\2.2\snakeyaml-2.2.jar;C:\Users\abhis\.m2\repository\org\springframework\spring-context-support\6.1.13\spring-context-support-6.1.13.jar;C:\Users\abhis\.m2\repository\org\eclipse\angus\jakarta.mail\2.0.3\jakarta.mail-2.0.3.jar;C:\Users\abhis\.m2\repository\jakarta\activation\jakarta.activation-api\2.1.3\jakarta.activation-api-2.1.3.jar;C:\Users\abhis\.m2\repository\org\eclipse\angus\angus-activation\2.0.2\angus-activation-2.0.2.jar;C:\Users\abhis\.m2\repository\org\springframework\boot\spring-boot-starter-web\3.2.10\spring-boot-starter-web-3.2.10.jar;C:\Users\abhis\.m2\repository\org\springframework\boot\spring-boot-starter-json\3.2.10\spring-boot-starter-json-3.2.10.jar;C:\Users\abhis\.m2\repository\com\fasterxml\jackson\datatype\jackson-datatype-jdk8\2.15.4\jackson-datatype-jdk8-2.15.4.jar;C:\Users\abhis\.m2\repository\com\fasterxml\jackson\datatype\jackson-datatype-jsr310\2.15.4\jackson-datatype-jsr310-2.15.4.jar;C:\Users\abhis\.m2\repository\com\fasterxml\jackson\module\jackson-module-parameter-names\2.15.4\jackson-module-parameter-names-2.15.4.jar;C:\Users\abhis\.m2\repository\org\springframework\spring-web\6.1.13\spring-web-6.1.13.jar;C:\Users\abhis\.m2\repository\io\micrometer\micrometer-observation\1.12.10\micrometer-observation-1.12.10.jar;C:\Users\abhis\.m2\repository\io\micrometer\micrometer-commons\1.12.10\micrometer-commons-1.12.10.jar;C:\Users\abhis\.m2\repository\org\springframework\spring-webmvc\6.1.13\spring-webmvc-6.1.13.jar;C:\Users\abhis\.m2\repository\org\springframework\spring-expression\6.1.13\spring-expression-6.1.13.jar;C:\Users\abhis\.m2\repository\org\springframework\boot\spring-boot-starter-security\3.2.10\spring-boot-starter-security-3.2.10.jar;C:\Users\abhis\.m2\repository\org\springframework\spring-aop\6.1.13\spring-aop-6.1.13.jar;C:\Users\abhis\.m2\repository\org\springframework\security\spring-security-config\6.2.6\spring-security-config-6.2.6.jar;C:\Users\abhis\.m2\repository\org\springframework\security\spring-security-core\6.2.6\spring-security-core-6.2.6.jar;C:\Users\abhis\.m2\repository\org\springframework\security\spring-security-crypto\6.2.6\spring-security-crypto-6.2.6.jar;C:\Users\abhis\.m2\repository\org\springframework\security\spring-security-web\6.2.6\spring-security-web-6.2.6.jar;C:\Users\abhis\.m2\repository\io\jsonwebtoken\jjwt-api\0.12.6\jjwt-api-0.12.6.jar;C:\Users\abhis\.m2\repository\io\jsonwebtoken\jjwt-impl\0.12.6\jjwt-impl-0.12.6.jar;C:\Users\abhis\.m2\repository\org\bouncycastle\bcprov-jdk15on\1.70\bcprov-jdk15on-1.70.jar;C:\Users\abhis\.m2\repository\io\jsonwebtoken\jjwt-jackson\0.12.6\jjwt-jackson-0.12.6.jar;C:\Users\abhis\.m2\repository\org\mapstruct\mapstruct\1.5.5.Final\mapstruct-1.5.5.Final.jar;C:\Users\abhis\.m2\repository\org\mapstruct\mapstruct-processor\1.5.5.Final\mapstruct-processor-1.5.5.Final.jar;C:\Users\abhis\.m2\repository\org\springframework\boot\spring-boot-starter-validation\3.2.10\spring-boot-starter-validation-3.2.10.jar;C:\Users\abhis\.m2\repository\org\apache\tomcat\embed\tomcat-embed-el\10.1.30\tomcat-embed-el-10.1.30.jar;C:\Users\abhis\.m2\repository\org\hibernate\validator\hibernate-validator\8.0.1.Final\hibernate-validator-8.0.1.Final.jar;C:\Users\abhis\.m2\repository\jakarta\validation\jakarta.validation-api\3.0.2\jakarta.validation-api-3.0.2.jar;C:\Users\abhis\.m2\repository\org\springframework\boot\spring-boot-devtools\3.2.10\spring-boot-devtools-3.2.10.jar;C:\Users\abhis\.m2\repository\org\springframework\boot\spring-boot\3.2.10\spring-boot-3.2.10.jar;C:\Users\abhis\.m2\repository\org\springframework\boot\spring-boot-autoconfigure\3.2.10\spring-boot-autoconfigure-3.2.10.jar;C:\Users\abhis\.m2\repository\com\mysql\mysql-connector-j\8.3.0\mysql-connector-j-8.3.0.jar;C:\Users\abhis\.m2\repository\org\projectlombok\lombok\1.18.34\lombok-1.18.34.jar;C:\Users\abhis\.m2\repository\org\springframework\boot\spring-boot-starter-tomcat\3.2.10\spring-boot-starter-tomcat-3.2.10.jar;C:\Users\abhis\.m2\repository\jakarta\annotation\jakarta.annotation-api\2.1.1\jakarta.annotation-api-2.1.1.jar;C:\Users\abhis\.m2\repository\org\apache\tomcat\embed\tomcat-embed-core\10.1.30\tomcat-embed-core-10.1.30.jar;C:\Users\abhis\.m2\repository\org\apache\tomcat\embed\tomcat-embed-websocket\10.1.30\tomcat-embed-websocket-10.1.30.jar;C:\Users\abhis\.m2\repository\org\springframework\boot\spring-boot-starter-test\3.2.10\spring-boot-starter-test-3.2.10.jar;C:\Users\abhis\.m2\repository\org\springframework\boot\spring-boot-test\3.2.10\spring-boot-test-3.2.10.jar;C:\Users\abhis\.m2\repository\org\springframework\boot\spring-boot-test-autoconfigure\3.2.10\spring-boot-test-autoconfigure-3.2.10.jar;C:\Users\abhis\.m2\repository\com\jayway\jsonpath\json-path\2.9.0\json-path-2.9.0.jar;C:\Users\abhis\.m2\repository\jakarta\xml\bind\jakarta.xml.bind-api\4.0.2\jakarta.xml.bind-api-4.0.2.jar;C:\Users\abhis\.m2\repository\net\minidev\json-smart\2.5.1\json-smart-2.5.1.jar;C:\Users\abhis\.m2\repository\net\minidev\accessors-smart\2.5.1\accessors-smart-2.5.1.jar;C:\Users\abhis\.m2\repository\org\ow2\asm\asm\9.6\asm-9.6.jar;C:\Users\abhis\.m2\repository\org\assertj\assertj-core\3.24.2\assertj-core-3.24.2.jar;C:\Users\abhis\.m2\repository\org\awaitility\awaitility\4.2.2\awaitility-4.2.2.jar;C:\Users\abhis\.m2\repository\org\hamcrest\hamcrest\2.2\hamcrest-2.2.jar;C:\Users\abhis\.m2\repository\org\junit\jupiter\junit-jupiter\5.10.3\junit-jupiter-5.10.3.jar;C:\Users\abhis\.m2\repository\org\junit\jupiter\junit-jupiter-api\5.10.3\junit-jupiter-api-5.10.3.jar;C:\Users\abhis\.m2\repository\org\opentest4j\opentest4j\1.3.0\opentest4j-1.3.0.jar;C:\Users\abhis\.m2\repository\org\junit\platform\junit-platform-commons\1.10.3\junit-platform-commons-1.10.3.jar;C:\Users\abhis\.m2\repository\org\apiguardian\apiguardian-api\1.1.2\apiguardian-api-1.1.2.jar;C:\Users\abhis\.m2\repository\org\junit\jupiter\junit-jupiter-params\5.10.3\junit-jupiter-params-5.10.3.jar;C:\Users\abhis\.m2\repository\org\junit\jupiter\junit-jupiter-engine\5.10.3\junit-jupiter-engine-5.10.3.jar;C:\Users\abhis\.m2\repository\org\junit\platform\junit-platform-engine\1.10.3\junit-platform-engine-1.10.3.jar;C:\Users\abhis\.m2\repository\org\mockito\mockito-core\5.7.0\mockito-core-5.7.0.jar;C:\Users\abhis\.m2\repository\net\bytebuddy\byte-buddy-agent\1.14.19\byte-buddy-agent-1.14.19.jar;C:\Users\abhis\.m2\repository\org\objenesis\objenesis\3.3\objenesis-3.3.jar;C:\Users\abhis\.m2\repository\org\mockito\mockito-junit-jupiter\5.7.0\mockito-junit-jupiter-5.7.0.jar;C:\Users\abhis\.m2\repository\org\skyscreamer\jsonassert\1.5.3\jsonassert-1.5.3.jar;C:\Users\abhis\.m2\repository\com\vaadin\external\google\android-json\0.0.20131108.vaadin1\android-json-0.0.20131108.vaadin1.jar;C:\Users\abhis\.m2\repository\org\springframework\spring-core\6.1.13\spring-core-6.1.13.jar;C:\Users\abhis\.m2\repository\org\springframework\spring-jcl\6.1.13\spring-jcl-6.1.13.jar;C:\Users\abhis\.m2\repository\org\springframework\spring-test\6.1.13\spring-test-6.1.13.jar;C:\Users\abhis\.m2\repository\org\xmlunit\xmlunit-core\2.9.1\xmlunit-core-2.9.1.jar;C:\Users\abhis\.m2\repository\org\springframework\boot\spring-boot-starter-data-redis\3.2.10\spring-boot-starter-data-redis-3.2.10.jar;C:\Users\abhis\.m2\repository\io\lettuce\lettuce-core\6.3.2.RELEASE\lettuce-core-6.3.2.RELEASE.jar;C:\Users\abhis\.m2\repository\io\netty\netty-common\4.1.113.Final\netty-common-4.1.113.Final.jar;C:\Users\abhis\.m2\repository\io\netty\netty-handler\4.1.113.Final\netty-handler-4.1.113.Final.jar;C:\Users\abhis\.m2\repository\io\netty\netty-resolver\4.1.113.Final\netty-resolver-4.1.113.Final.jar;C:\Users\abhis\.m2\repository\io\netty\netty-buffer\4.1.113.Final\netty-buffer-4.1.113.Final.jar;C:\Users\abhis\.m2\repository\io\netty\netty-transport-native-unix-common\4.1.113.Final\netty-transport-native-unix-common-4.1.113.Final.jar;C:\Users\abhis\.m2\repository\io\netty\netty-codec\4.1.113.Final\netty-codec-4.1.113.Final.jar;C:\Users\abhis\.m2\repository\io\netty\netty-transport\4.1.113.Final\netty-transport-4.1.113.Final.jar;C:\Users\abhis\.m2\repository\io\projectreactor\reactor-core\3.6.10\reactor-core-3.6.10.jar;C:\Users\abhis\.m2\repository\org\reactivestreams\reactive-streams\1.0.4\reactive-streams-1.0.4.jar;C:\Users\abhis\.m2\repository\org\springframework\data\spring-data-redis\3.2.10\spring-data-redis-3.2.10.jar;C:\Users\abhis\.m2\repository\org\springframework\data\spring-data-keyvalue\3.2.10\spring-data-keyvalue-3.2.10.jar;C:\Users\abhis\.m2\repository\org\springframework\spring-oxm\6.1.13\spring-oxm-6.1.13.jar;C:\Users\abhis\.m2\repository\com\fasterxml\jackson\core\jackson-databind\2.15.0\jackson-databind-2.15.0.jar;C:\Users\abhis\.m2\repository\com\fasterxml\jackson\core\jackson-annotations\2.15.4\jackson-annotations-2.15.4.jar;C:\Users\abhis\.m2\repository\com\fasterxml\jackson\core\jackson-core\2.15.4\jackson-core-2.15.4.jar;C:\Users\abhis\.m2\repository\com\google\code\gson\gson\2.10.1\gson-2.10.1.jar;C:\Users\abhis\.m2\repository\com\googlecode\json-simple\json-simple\1.1.1\json-simple-1.1.1.jar;C:\Users\abhis\.m2\repository\junit\junit\4.13.2\junit-4.13.2.jar;C:\Users\abhis\.m2\repository\org\hamcrest\hamcrest-core\2.2\hamcrest-core-2.2.jar;"/>
    <property name="sun.cpu.endian" value="little"/>
    <property name="user.home" value="C:\Users\abhis"/>
    <property name="user.language" value="en"/>
    <property name="java.specification.vendor" value="Oracle Corporation"/>
    <property name="java.version.date" value="2024-10-15"/>
    <property name="java.home" value="C:\Program Files\Java\jdk-21.0.5"/>
    <property name="file.separator" value="\"/>
    <property name="basedir" value="C:\Users\abhis\Downloads\JodoShoppingPortal\JodoShoppingPortal"/>
    <property name="java.vm.compressedOopsMode" value="32-bit"/>
    <property name="line.separator" value="&#10;"/>
    <property name="java.vm.specification.vendor" value="Oracle Corporation"/>
    <property name="java.specification.name" value="Java Platform API Specification"/>
    <property name="FILE_LOG_CHARSET" value="UTF-8"/>
    <property name="java.awt.headless" value="true"/>
    <property name="surefire.real.class.path" value="C:\Users\abhis\AppData\Local\Temp\surefire459579939370868273\surefirebooter-20241222093729924_3.jar"/>
    <property name="user.script" value=""/>
    <property name="sun.management.compiler" value="HotSpot 64-Bit Tiered Compilers"/>
    <property name="java.runtime.version" value="21.0.5+9-LTS-239"/>
    <property name="user.name" value="abhis"/>
    <property name="stdout.encoding" value="Cp1252"/>
    <property name="path.separator" value=";"/>
    <property name="os.version" value="10.0"/>
    <property name="java.runtime.name" value="Java(TM) SE Runtime Environment"/>
    <property name="file.encoding" value="UTF-8"/>
    <property name="java.vm.name" value="Java HotSpot(TM) 64-Bit Server VM"/>
    <property name="localRepository" value="C:\Users\abhis\.m2\repository"/>
    <property name="java.vendor.url.bug" value="https://bugreport.java.com/bugreport/"/>
    <property name="java.io.tmpdir" value="C:\Users\abhis\AppData\Local\Temp\"/>
    <property name="java.version" value="21.0.5"/>
    <property name="user.dir" value="C:\Users\abhis\Downloads\JodoShoppingPortal\JodoShoppingPortal"/>
    <property name="os.arch" value="amd64"/>
    <property name="java.vm.specification.name" value="Java Virtual Machine Specification"/>
    <property name="PID" value="3696"/>
    <property name="sun.os.patch.level" value=""/>
    <property name="CONSOLE_LOG_CHARSET" value="UTF-8"/>
    <property name="native.encoding" value="Cp1252"/>
    <property name="java.library.path" value="C:\Program Files\Java\jdk-21.0.5\bin;C:\WINDOWS\Sun\Java\bin;C:\WINDOWS\system32;C:\WINDOWS;C:\Program Files\Common Files\Oracle\Java\javapath;C:\Program Files\Python312\Scripts\;C:\Program Files\Python312\;C:\WINDOWS\system32;C:\WINDOWS;C:\WINDOWS\System32\Wbem;C:\WINDOWS\System32\WindowsPowerShell\v1.0\;C:\WINDOWS\System32\OpenSSH\;C:\Program Files\Redis\;C:\Program Files\MongoDB\mongosh-2.2.15-win32-x64\mongosh-2.2.15-win32-x64\bin;C:\Program Files\nodejs\;C:\kafka_2.13-3.8.0\bin\windows;C:\Program Files\Java\jdk-21.0.5\jdk-21.0.5\bin;C:\Program Files\Git\cmd;C:\ProgramData\chocolatey\bin;C:\ProgramData\chocolatey\lib\maven\apache-maven-3.9.9\bin;C:\Program Files\MySQL\MySQL Shell 8.0\bin\;C:\Users\abhis\AppData\Local\Programs\Python\Launcher\;C:\Users\abhis\AppData\Local\Microsoft\WindowsApps;C:\Users\abhis\AppData\Local\Programs\Microsoft VS Code\bin;C:\Program Files\JetBrains\IntelliJ IDEA 2022.2.5\bin;;C:\Program Files\MySQL\MySQL Server 8.0\bin;C:\Users\abhis\AppData\Roaming\npm;C:\Program Files\Java\jdk-21.0.5\bin;;."/>
    <property name="java.vm.info" value="mixed mode, sharing"/>
    <property name="stderr.encoding" value="Cp1252"/>
    <property name="java.vendor" value="Oracle Corporation"/>
    <property name="java.vm.version" value="21.0.5+9-LTS-239"/>
    <property name="sun.io.unicode.encoding" value="UnicodeLittle"/>
    <property name="java.class.version" value="65.0"/>
    <property name="LOGGED_APPLICATION_NAME" value="[JodoShoppingPortal] "/>
  </properties>
  <testcase name="testDeserialization" classname="com.jodo.portal.JodoShoppingPortalApplicationTests" time="1.53">
    <system-out><![CDATA[09:37:31.423 [main] INFO org.springframework.test.context.support.AnnotationConfigContextLoaderUtils -- Could not detect default configuration classes for test class [com.jodo.portal.JodoShoppingPortalApplicationTests]: JodoShoppingPortalApplicationTests does not declare any static, non-private, non-final, nested classes annotated with @Configuration.
09:37:31.625 [main] INFO org.springframework.boot.test.context.SpringBootTestContextBootstrapper -- Found @SpringBootConfiguration com.jodo.portal.JodoShoppingPortalApplication for test class com.jodo.portal.JodoShoppingPortalApplicationTests
09:37:31.935 [main] INFO org.springframework.boot.devtools.restart.RestartApplicationListener -- Restart disabled due to context in which it is running

  .   ____          _            __ _ _
 /\\ / ___'_ __ _ _(_)_ __  __ _ \ \ \ \
( ( )\___ | '_ | '_| | '_ \/ _` | \ \ \ \
 \\/  ___)| |_)| | | | | || (_| |  ) ) ) )
  '  |____| .__|_| |_|_| |_\__, | / / / /
 =========|_|==============|___/=/_/_/_/
 :: Spring Boot ::               (v3.2.10)

2024-12-22T09:37:32.458+05:30  INFO 3696 --- [JodoShoppingPortal] [           main] c.j.p.JodoShoppingPortalApplicationTests : Starting JodoShoppingPortalApplicationTests using Java 21.0.5 with PID 3696 (started by abhis in C:\Users\abhis\Downloads\JodoShoppingPortal\JodoShoppingPortal)
2024-12-22T09:37:32.460+05:30  INFO 3696 --- [JodoShoppingPortal] [           main] c.j.p.JodoShoppingPortalApplicationTests : No active profile set, falling back to 1 default profile: "default"
2024-12-22T09:37:33.965+05:30  INFO 3696 --- [JodoShoppingPortal] [           main] .s.d.r.c.RepositoryConfigurationDelegate : Multiple Spring Data modules found, entering strict repository configuration mode
2024-12-22T09:37:33.967+05:30  INFO 3696 --- [JodoShoppingPortal] [           main] .s.d.r.c.RepositoryConfigurationDelegate : Bootstrapping Spring Data JPA repositories in DEFAULT mode.
2024-12-22T09:37:34.249+05:30  INFO 3696 --- [JodoShoppingPortal] [           main] .s.d.r.c.RepositoryConfigurationDelegate : Finished Spring Data repository scanning in 268 ms. Found 7 JPA repository interfaces.
2024-12-22T09:37:34.291+05:30  INFO 3696 --- [JodoShoppingPortal] [           main] .s.d.r.c.RepositoryConfigurationDelegate : Multiple Spring Data modules found, entering strict repository configuration mode
2024-12-22T09:37:34.294+05:30  INFO 3696 --- [JodoShoppingPortal] [           main] .s.d.r.c.RepositoryConfigurationDelegate : Bootstrapping Spring Data Redis repositories in DEFAULT mode.
2024-12-22T09:37:34.331+05:30  INFO 3696 --- [JodoShoppingPortal] [           main] .RepositoryConfigurationExtensionSupport : Spring Data Redis - Could not safely identify store assignment for repository candidate interface com.jodo.portal.repository.ActiveUserRepository; If you want this repository to be a Redis repository, consider annotating your entities with one of these annotations: org.springframework.data.redis.core.RedisHash (preferred), or consider extending one of the following types with your repository: org.springframework.data.keyvalue.repository.KeyValueRepository
2024-12-22T09:37:34.331+05:30  INFO 3696 --- [JodoShoppingPortal] [           main] .RepositoryConfigurationExtensionSupport : Spring Data Redis - Could not safely identify store assignment for repository candidate interface com.jodo.portal.repository.AddressRepository; If you want this repository to be a Redis repository, consider annotating your entities with one of these annotations: org.springframework.data.redis.core.RedisHash (preferred), or consider extending one of the following types with your repository: org.springframework.data.keyvalue.repository.KeyValueRepository
2024-12-22T09:37:34.332+05:30  INFO 3696 --- [JodoShoppingPortal] [           main] .RepositoryConfigurationExtensionSupport : Spring Data Redis - Could not safely identify store assignment for repository candidate interface com.jodo.portal.repository.CartRepository; If you want this repository to be a Redis repository, consider annotating your entities with one of these annotations: org.springframework.data.redis.core.RedisHash (preferred), or consider extending one of the following types with your repository: org.springframework.data.keyvalue.repository.KeyValueRepository
2024-12-22T09:37:34.333+05:30  INFO 3696 --- [JodoShoppingPortal] [           main] .RepositoryConfigurationExtensionSupport : Spring Data Redis - Could not safely identify store assignment for repository candidate interface com.jodo.portal.repository.EnduserRepository; If you want this repository to be a Redis repository, consider annotating your entities with one of these annotations: org.springframework.data.redis.core.RedisHash (preferred), or consider extending one of the following types with your repository: org.springframework.data.keyvalue.repository.KeyValueRepository
2024-12-22T09:37:34.334+05:30  INFO 3696 --- [JodoShoppingPortal] [           main] .RepositoryConfigurationExtensionSupport : Spring Data Redis - Could not safely identify store assignment for repository candidate interface com.jodo.portal.repository.OrderRepository; If you want this repository to be a Redis repository, consider annotating your entities with one of these annotations: org.springframework.data.redis.core.RedisHash (preferred), or consider extending one of the following types with your repository: org.springframework.data.keyvalue.repository.KeyValueRepository
2024-12-22T09:37:34.335+05:30  INFO 3696 --- [JodoShoppingPortal] [           main] .RepositoryConfigurationExtensionSupport : Spring Data Redis - Could not safely identify store assignment for repository candidate interface com.jodo.portal.repository.ProductRepository; If you want this repository to be a Redis repository, consider annotating your entities with one of these annotations: org.springframework.data.redis.core.RedisHash (preferred), or consider extending one of the following types with your repository: org.springframework.data.keyvalue.repository.KeyValueRepository
2024-12-22T09:37:34.336+05:30  INFO 3696 --- [JodoShoppingPortal] [           main] .RepositoryConfigurationExtensionSupport : Spring Data Redis - Could not safely identify store assignment for repository candidate interface com.jodo.portal.repository.UserParameterdetailsRepository; If you want this repository to be a Redis repository, consider annotating your entities with one of these annotations: org.springframework.data.redis.core.RedisHash (preferred), or consider extending one of the following types with your repository: org.springframework.data.keyvalue.repository.KeyValueRepository
2024-12-22T09:37:34.336+05:30  INFO 3696 --- [JodoShoppingPortal] [           main] .s.d.r.c.RepositoryConfigurationDelegate : Finished Spring Data repository scanning in 21 ms. Found 0 Redis repository interfaces.
2024-12-22T09:37:35.413+05:30  INFO 3696 --- [JodoShoppingPortal] [           main] o.hibernate.jpa.internal.util.LogHelper  : HHH000204: Processing PersistenceUnitInfo [name: default]
2024-12-22T09:37:35.572+05:30  INFO 3696 --- [JodoShoppingPortal] [           main] org.hibernate.Version                    : HHH000412: Hibernate ORM core version 6.4.10.Final
2024-12-22T09:37:35.665+05:30  INFO 3696 --- [JodoShoppingPortal] [           main] o.h.c.internal.RegionFactoryInitiator    : HHH000026: Second-level cache disabled
2024-12-22T09:37:36.164+05:30  INFO 3696 --- [JodoShoppingPortal] [           main] o.s.o.j.p.SpringPersistenceUnitInfo      : No LoadTimeWeaver setup: ignoring JPA class transformer
2024-12-22T09:37:36.206+05:30  INFO 3696 --- [JodoShoppingPortal] [           main] com.zaxxer.hikari.HikariDataSource       : SpringBootHikariCP - Starting...
2024-12-22T09:37:36.821+05:30  INFO 3696 --- [JodoShoppingPortal] [           main] com.zaxxer.hikari.pool.HikariPool        : SpringBootHikariCP - Added connection com.mysql.cj.jdbc.ConnectionImpl@4119346d
2024-12-22T09:37:36.823+05:30  INFO 3696 --- [JodoShoppingPortal] [           main] com.zaxxer.hikari.HikariDataSource       : SpringBootHikariCP - Start completed.
2024-12-22T09:37:36.911+05:30  WARN 3696 --- [JodoShoppingPortal] [           main] org.hibernate.orm.deprecation            : HHH90000025: MySQL8Dialect does not need to be specified explicitly using 'hibernate.dialect' (remove the property setting and it will be selected by default)
2024-12-22T09:37:36.912+05:30  WARN 3696 --- [JodoShoppingPortal] [           main] org.hibernate.orm.deprecation            : HHH90000026: MySQL8Dialect has been deprecated; use org.hibernate.dialect.MySQLDialect instead
2024-12-22T09:37:39.314+05:30  INFO 3696 --- [JodoShoppingPortal] [           main] o.h.e.t.j.p.i.JtaPlatformInitiator       : HHH000489: No JTA platform available (set 'hibernate.transaction.jta.platform' to enable JTA platform integration)
2024-12-22T09:37:39.373+05:30 DEBUG 3696 --- [JodoShoppingPortal] [           main] org.hibernate.SQL                        : alter table address drop foreign key FKda8tuywtf0gb6sedwk7la1pgi
Hibernate: alter table address drop foreign key FKda8tuywtf0gb6sedwk7la1pgi
2024-12-22T09:37:39.451+05:30 DEBUG 3696 --- [JodoShoppingPortal] [           main] org.hibernate.SQL                        : alter table bucket drop foreign key FK9ghd1ds0bcao25v3v60at1cvj
Hibernate: alter table bucket drop foreign key FK9ghd1ds0bcao25v3v60at1cvj
2024-12-22T09:37:39.476+05:30 DEBUG 3696 --- [JodoShoppingPortal] [           main] org.hibernate.SQL                        : alter table bucket drop foreign key FKq7gvh2kh6skovcwbuq20m8ybm
Hibernate: alter table bucket drop foreign key FKq7gvh2kh6skovcwbuq20m8ybm
2024-12-22T09:37:39.498+05:30 DEBUG 3696 --- [JodoShoppingPortal] [           main] org.hibernate.SQL                        : alter table cart drop foreign key FKl70asp4l4w0jmbm1tqyofho4o
Hibernate: alter table cart drop foreign key FKl70asp4l4w0jmbm1tqyofho4o
2024-12-22T09:37:39.553+05:30 DEBUG 3696 --- [JodoShoppingPortal] [           main] org.hibernate.SQL                        : alter table cart_item drop foreign key FK1uobyhgl1wvgt1jpccia8xxs3
Hibernate: alter table cart_item drop foreign key FK1uobyhgl1wvgt1jpccia8xxs3
2024-12-22T09:37:39.567+05:30 DEBUG 3696 --- [JodoShoppingPortal] [           main] org.hibernate.SQL                        : alter table cart_item drop foreign key FKjcyd5wv4igqnw413rgxbfu4nv
Hibernate: alter table cart_item drop foreign key FKjcyd5wv4igqnw413rgxbfu4nv
2024-12-22T09:37:39.580+05:30 DEBUG 3696 --- [JodoShoppingPortal] [           main] org.hibernate.SQL                        : alter table product_images drop foreign key FKi8jnqq05sk5nkma3pfp3ylqrt
Hibernate: alter table product_images drop foreign key FKi8jnqq05sk5nkma3pfp3ylqrt
2024-12-22T09:37:39.597+05:30 DEBUG 3696 --- [JodoShoppingPortal] [           main] org.hibernate.SQL                        : alter table product_specifications drop foreign key FKh8b0x1853mrmmmv4xqjibuead
Hibernate: alter table product_specifications drop foreign key FKh8b0x1853mrmmmv4xqjibuead
2024-12-22T09:37:39.613+05:30 DEBUG 3696 --- [JodoShoppingPortal] [           main] org.hibernate.SQL                        : alter table user drop foreign key FKtqa69bib34k2c0jhe7afqsao6
Hibernate: alter table user drop foreign key FKtqa69bib34k2c0jhe7afqsao6
2024-12-22T09:37:39.643+05:30 DEBUG 3696 --- [JodoShoppingPortal] [           main] org.hibernate.SQL                        : alter table user_order drop foreign key FKj86u1x7csa8yd68ql2y1ibrou
Hibernate: alter table user_order drop foreign key FKj86u1x7csa8yd68ql2y1ibrou
2024-12-22T09:37:39.661+05:30 DEBUG 3696 --- [JodoShoppingPortal] [           main] org.hibernate.SQL                        : alter table user_order_bucket drop foreign key FK1rfha0ok6f4dbnwyvjbvkuaxj
Hibernate: alter table user_order_bucket drop foreign key FK1rfha0ok6f4dbnwyvjbvkuaxj
2024-12-22T09:37:39.676+05:30 DEBUG 3696 --- [JodoShoppingPortal] [           main] org.hibernate.SQL                        : alter table user_order_bucket drop foreign key FKm3j350gkl2l53sqixpgkf3m00
Hibernate: alter table user_order_bucket drop foreign key FKm3j350gkl2l53sqixpgkf3m00
2024-12-22T09:37:39.695+05:30 DEBUG 3696 --- [JodoShoppingPortal] [           main] org.hibernate.SQL                        : alter table user_roles drop foreign key FK55itppkw3i07do3h7qoclqd4k
Hibernate: alter table user_roles drop foreign key FK55itppkw3i07do3h7qoclqd4k
2024-12-22T09:37:39.722+05:30 DEBUG 3696 --- [JodoShoppingPortal] [           main] org.hibernate.SQL                        : alter table userparameterdetails drop foreign key FK2umr589r9kr9a25lak2wxq28d
Hibernate: alter table userparameterdetails drop foreign key FK2umr589r9kr9a25lak2wxq28d
2024-12-22T09:37:39.740+05:30 DEBUG 3696 --- [JodoShoppingPortal] [           main] org.hibernate.SQL                        : drop table if exists active_user
Hibernate: drop table if exists active_user
2024-12-22T09:37:39.761+05:30 DEBUG 3696 --- [JodoShoppingPortal] [           main] org.hibernate.SQL                        : drop table if exists address
Hibernate: drop table if exists address
2024-12-22T09:37:39.778+05:30 DEBUG 3696 --- [JodoShoppingPortal] [           main] org.hibernate.SQL                        : drop table if exists bucket
Hibernate: drop table if exists bucket
2024-12-22T09:37:39.797+05:30 DEBUG 3696 --- [JodoShoppingPortal] [           main] org.hibernate.SQL                        : drop table if exists cart
Hibernate: drop table if exists cart
2024-12-22T09:37:39.815+05:30 DEBUG 3696 --- [JodoShoppingPortal] [           main] org.hibernate.SQL                        : drop table if exists cart_item
Hibernate: drop table if exists cart_item
2024-12-22T09:37:39.833+05:30 DEBUG 3696 --- [JodoShoppingPortal] [           main] org.hibernate.SQL                        : drop table if exists product
Hibernate: drop table if exists product
2024-12-22T09:37:39.851+05:30 DEBUG 3696 --- [JodoShoppingPortal] [           main] org.hibernate.SQL                        : drop table if exists product_images
Hibernate: drop table if exists product_images
2024-12-22T09:37:39.865+05:30 DEBUG 3696 --- [JodoShoppingPortal] [           main] org.hibernate.SQL                        : drop table if exists product_specifications
Hibernate: drop table if exists product_specifications
2024-12-22T09:37:39.881+05:30 DEBUG 3696 --- [JodoShoppingPortal] [           main] org.hibernate.SQL                        : drop table if exists user
Hibernate: drop table if exists user
2024-12-22T09:37:39.899+05:30 DEBUG 3696 --- [JodoShoppingPortal] [           main] org.hibernate.SQL                        : drop table if exists user_order
Hibernate: drop table if exists user_order
2024-12-22T09:37:39.916+05:30 DEBUG 3696 --- [JodoShoppingPortal] [           main] org.hibernate.SQL                        : drop table if exists user_order_bucket
Hibernate: drop table if exists user_order_bucket
2024-12-22T09:37:39.936+05:30 DEBUG 3696 --- [JodoShoppingPortal] [           main] org.hibernate.SQL                        : drop table if exists user_roles
Hibernate: drop table if exists user_roles
2024-12-22T09:37:39.955+05:30 DEBUG 3696 --- [JodoShoppingPortal] [           main] org.hibernate.SQL                        : drop table if exists userparameterdetails
Hibernate: drop table if exists userparameterdetails
2024-12-22T09:37:39.982+05:30 DEBUG 3696 --- [JodoShoppingPortal] [           main] org.hibernate.SQL                        : create table active_user (active integer not null, id bigint not null auto_increment, userid bigint, logindatetime varchar(255), loginid varchar(255), logoutdatetime varchar(255), logoutreason varchar(255), roles varchar(255), sessionid varchar(255), primary key (id)) engine=InnoDB
Hibernate: create table active_user (active integer not null, id bigint not null auto_increment, userid bigint, logindatetime varchar(255), loginid varchar(255), logoutdatetime varchar(255), logoutreason varchar(255), roles varchar(255), sessionid varchar(255), primary key (id)) engine=InnoDB
2024-12-22T09:37:40.004+05:30 DEBUG 3696 --- [JodoShoppingPortal] [           main] org.hibernate.SQL                        : create table address (is_primary integer not null, id bigint not null auto_increment, user_id bigint, address1 varchar(255), address2 varchar(255), city varchar(255), pincode varchar(255), state varchar(255), village varchar(255), primary key (id)) engine=InnoDB
Hibernate: create table address (is_primary integer not null, id bigint not null auto_increment, user_id bigint, address1 varchar(255), address2 varchar(255), city varchar(255), pincode varchar(255), state varchar(255), village varchar(255), primary key (id)) engine=InnoDB
2024-12-22T09:37:40.026+05:30 DEBUG 3696 --- [JodoShoppingPortal] [           main] org.hibernate.SQL                        : create table bucket (price float(53), quanity integer, id bigint not null auto_increment, order_id bigint, product_id bigint, productorderstatus varchar(255), primary key (id)) engine=InnoDB
Hibernate: create table bucket (price float(53), quanity integer, id bigint not null auto_increment, order_id bigint, product_id bigint, productorderstatus varchar(255), primary key (id)) engine=InnoDB
2024-12-22T09:37:40.056+05:30 DEBUG 3696 --- [JodoShoppingPortal] [           main] org.hibernate.SQL                        : create table cart (totalamount float(53), id bigint not null auto_increment, user_id bigint, primary key (id)) engine=InnoDB
Hibernate: create table cart (totalamount float(53), id bigint not null auto_increment, user_id bigint, primary key (id)) engine=InnoDB
2024-12-22T09:37:40.077+05:30 DEBUG 3696 --- [JodoShoppingPortal] [           main] org.hibernate.SQL                        : create table cart_item (price float(53), quanity integer, cart_id bigint, id bigint not null auto_increment, product_id bigint, primary key (id)) engine=InnoDB
Hibernate: create table cart_item (price float(53), quanity integer, cart_id bigint, id bigint not null auto_increment, product_id bigint, primary key (id)) engine=InnoDB
2024-12-22T09:37:40.098+05:30 DEBUG 3696 --- [JodoShoppingPortal] [           main] org.hibernate.SQL                        : create table product (active integer, discount float(53), instock integer, isdelete integer, marketprice float(53), price float(53), quantity integer, id bigint not null auto_increment, brand_name varchar(255), category_name varchar(255), description varchar(255), last_recieved_date varchar(255), last_updated_date varchar(255), model_detail varchar(255), name varchar(255), productstatus varchar(255), primary key (id)) engine=InnoDB
Hibernate: create table product (active integer, discount float(53), instock integer, isdelete integer, marketprice float(53), price float(53), quantity integer, id bigint not null auto_increment, brand_name varchar(255), category_name varchar(255), description varchar(255), last_recieved_date varchar(255), last_updated_date varchar(255), model_detail varchar(255), name varchar(255), productstatus varchar(255), primary key (id)) engine=InnoDB
2024-12-22T09:37:40.118+05:30 DEBUG 3696 --- [JodoShoppingPortal] [           main] org.hibernate.SQL                        : create table product_images (id bigint not null auto_increment, product_id bigint, product_url varchar(255), primary key (id)) engine=InnoDB
Hibernate: create table product_images (id bigint not null auto_increment, product_id bigint, product_url varchar(255), primary key (id)) engine=InnoDB
2024-12-22T09:37:40.138+05:30 DEBUG 3696 --- [JodoShoppingPortal] [           main] org.hibernate.SQL                        : create table product_specifications (fieldid integer, srno integer, id bigint not null auto_increment, product_id bigint, fieldname varchar(255), fieldvalue varchar(255), primary key (id)) engine=InnoDB
Hibernate: create table product_specifications (fieldid integer, srno integer, id bigint not null auto_increment, product_id bigint, fieldname varchar(255), fieldvalue varchar(255), primary key (id)) engine=InnoDB
2024-12-22T09:37:40.162+05:30 DEBUG 3696 --- [JodoShoppingPortal] [           main] org.hibernate.SQL                        : create table user (isactive integer not null, isdelete integer not null, cart_id bigint, id bigint not null auto_increment, username varchar(50), designation varchar(100), contact varchar(255), date_of_birth varchar(255), email varchar(255), password varchar(255), profileimage varchar(255), usercreationdate varchar(255), userlastupdatedate varchar(255), primary key (id)) engine=InnoDB
Hibernate: create table user (isactive integer not null, isdelete integer not null, cart_id bigint, id bigint not null auto_increment, username varchar(50), designation varchar(100), contact varchar(255), date_of_birth varchar(255), email varchar(255), password varchar(255), profileimage varchar(255), usercreationdate varchar(255), userlastupdatedate varchar(255), primary key (id)) engine=InnoDB
2024-12-22T09:37:40.186+05:30 DEBUG 3696 --- [JodoShoppingPortal] [           main] org.hibernate.SQL                        : create table user_order (ispaymentdone integer, total_amount float(53), id bigint not null auto_increment, user_id bigint, isdelevered varchar(255), order_date varchar(255), paymentmode varchar(255), status varchar(255), primary key (id)) engine=InnoDB
Hibernate: create table user_order (ispaymentdone integer, total_amount float(53), id bigint not null auto_increment, user_id bigint, isdelevered varchar(255), order_date varchar(255), paymentmode varchar(255), status varchar(255), primary key (id)) engine=InnoDB
2024-12-22T09:37:40.207+05:30 DEBUG 3696 --- [JodoShoppingPortal] [           main] org.hibernate.SQL                        : create table user_order_bucket (bucket_id bigint not null, order_id bigint not null) engine=InnoDB
Hibernate: create table user_order_bucket (bucket_id bigint not null, order_id bigint not null) engine=InnoDB
2024-12-22T09:37:40.227+05:30 DEBUG 3696 --- [JodoShoppingPortal] [           main] org.hibernate.SQL                        : create table user_roles (user_id bigint not null, role enum ('ADMIN','MODERATOR','SUPERADMIN','USER')) engine=InnoDB
Hibernate: create table user_roles (user_id bigint not null, role enum ('ADMIN','MODERATOR','SUPERADMIN','USER')) engine=InnoDB
2024-12-22T09:37:40.255+05:30 DEBUG 3696 --- [JodoShoppingPortal] [           main] org.hibernate.SQL                        : create table userparameterdetails (parameterid integer, srno integer, id bigint not null auto_increment, user_id bigint, description varchar(255), value varchar(255), primary key (id)) engine=InnoDB
Hibernate: create table userparameterdetails (parameterid integer, srno integer, id bigint not null auto_increment, user_id bigint, description varchar(255), value varchar(255), primary key (id)) engine=InnoDB
2024-12-22T09:37:40.277+05:30 DEBUG 3696 --- [JodoShoppingPortal] [           main] org.hibernate.SQL                        : create index idx_userid on active_user (userid)
Hibernate: create index idx_userid on active_user (userid)
2024-12-22T09:37:40.299+05:30 DEBUG 3696 --- [JodoShoppingPortal] [           main] org.hibernate.SQL                        : create index idx_loginid on active_user (loginid)
Hibernate: create index idx_loginid on active_user (loginid)
2024-12-22T09:37:40.316+05:30 DEBUG 3696 --- [JodoShoppingPortal] [           main] org.hibernate.SQL                        : create index idx_sessionid on active_user (sessionid)
Hibernate: create index idx_sessionid on active_user (sessionid)
2024-12-22T09:37:40.333+05:30 DEBUG 3696 --- [JodoShoppingPortal] [           main] org.hibernate.SQL                        : alter table cart add constraint UK_9emlp6m95v5er2bcqkjsw48he unique (user_id)
Hibernate: alter table cart add constraint UK_9emlp6m95v5er2bcqkjsw48he unique (user_id)
2024-12-22T09:37:40.351+05:30 DEBUG 3696 --- [JodoShoppingPortal] [           main] org.hibernate.SQL                        : create index idx_product_name on product (name)
Hibernate: create index idx_product_name on product (name)
2024-12-22T09:37:40.371+05:30 DEBUG 3696 --- [JodoShoppingPortal] [           main] org.hibernate.SQL                        : create index idx_product_brand on product (brand_name)
Hibernate: create index idx_product_brand on product (brand_name)
2024-12-22T09:37:40.391+05:30 DEBUG 3696 --- [JodoShoppingPortal] [           main] org.hibernate.SQL                        : create index idx_product_category on product (category_name)
Hibernate: create index idx_product_category on product (category_name)
2024-12-22T09:37:40.412+05:30 DEBUG 3696 --- [JodoShoppingPortal] [           main] org.hibernate.SQL                        : create index idx_product_active on product (active)
Hibernate: create index idx_product_active on product (active)
2024-12-22T09:37:40.434+05:30 DEBUG 3696 --- [JodoShoppingPortal] [           main] org.hibernate.SQL                        : create index idx_fieldid on product_specifications (fieldid)
Hibernate: create index idx_fieldid on product_specifications (fieldid)
2024-12-22T09:37:40.453+05:30 DEBUG 3696 --- [JodoShoppingPortal] [           main] org.hibernate.SQL                        : create index idx_srno on product_specifications (srno)
Hibernate: create index idx_srno on product_specifications (srno)
2024-12-22T09:37:40.483+05:30 DEBUG 3696 --- [JodoShoppingPortal] [           main] org.hibernate.SQL                        : create index idx_fieldname on product_specifications (fieldname)
Hibernate: create index idx_fieldname on product_specifications (fieldname)
2024-12-22T09:37:40.504+05:30 DEBUG 3696 --- [JodoShoppingPortal] [           main] org.hibernate.SQL                        : create index idx_username on user (username)
Hibernate: create index idx_username on user (username)
2024-12-22T09:37:40.527+05:30 DEBUG 3696 --- [JodoShoppingPortal] [           main] org.hibernate.SQL                        : create index idx_email on user (email)
Hibernate: create index idx_email on user (email)
2024-12-22T09:37:40.545+05:30 DEBUG 3696 --- [JodoShoppingPortal] [           main] org.hibernate.SQL                        : create index idx_contact on user (contact)
Hibernate: create index idx_contact on user (contact)
2024-12-22T09:37:40.563+05:30 DEBUG 3696 --- [JodoShoppingPortal] [           main] org.hibernate.SQL                        : alter table user add constraint UK_47dq8urpj337d3o65l3fsjph3 unique (cart_id)
Hibernate: alter table user add constraint UK_47dq8urpj337d3o65l3fsjph3 unique (cart_id)
2024-12-22T09:37:40.584+05:30 DEBUG 3696 --- [JodoShoppingPortal] [           main] org.hibernate.SQL                        : alter table user add constraint UK_ob8kqyqqgmefl0aco34akdtpe unique (email)
Hibernate: alter table user add constraint UK_ob8kqyqqgmefl0aco34akdtpe unique (email)
2024-12-22T09:37:40.653+05:30 DEBUG 3696 --- [JodoShoppingPortal] [           main] org.hibernate.SQL                        : create index idx_user_id on user_order (user_id)
Hibernate: create index idx_user_id on user_order (user_id)
2024-12-22T09:37:40.671+05:30 DEBUG 3696 --- [JodoShoppingPortal] [           main] org.hibernate.SQL                        : create index idx_order_date on user_order (order_date)
Hibernate: create index idx_order_date on user_order (order_date)
2024-12-22T09:37:40.688+05:30 DEBUG 3696 --- [JodoShoppingPortal] [           main] org.hibernate.SQL                        : create index idx_status on user_order (status)
Hibernate: create index idx_status on user_order (status)
2024-12-22T09:37:40.706+05:30 DEBUG 3696 --- [JodoShoppingPortal] [           main] org.hibernate.SQL                        : alter table user_order_bucket add constraint UK_4h2qgbef4hul33ntcvdiuh5kq unique (bucket_id)
Hibernate: alter table user_order_bucket add constraint UK_4h2qgbef4hul33ntcvdiuh5kq unique (bucket_id)
2024-12-22T09:37:40.745+05:30 DEBUG 3696 --- [JodoShoppingPortal] [           main] org.hibernate.SQL                        : create index idx_parameterid on userparameterdetails (parameterid)
Hibernate: create index idx_parameterid on userparameterdetails (parameterid)
2024-12-22T09:37:40.761+05:30 DEBUG 3696 --- [JodoShoppingPortal] [           main] org.hibernate.SQL                        : create index idx_srno on userparameterdetails (srno)
Hibernate: create index idx_srno on userparameterdetails (srno)
2024-12-22T09:37:40.777+05:30 DEBUG 3696 --- [JodoShoppingPortal] [           main] org.hibernate.SQL                        : create index idx_user_id on userparameterdetails (user_id)
Hibernate: create index idx_user_id on userparameterdetails (user_id)
2024-12-22T09:37:40.795+05:30 DEBUG 3696 --- [JodoShoppingPortal] [           main] org.hibernate.SQL                        : alter table address add constraint FKda8tuywtf0gb6sedwk7la1pgi foreign key (user_id) references user (id)
Hibernate: alter table address add constraint FKda8tuywtf0gb6sedwk7la1pgi foreign key (user_id) references user (id)
2024-12-22T09:37:40.854+05:30 DEBUG 3696 --- [JodoShoppingPortal] [           main] org.hibernate.SQL                        : alter table bucket add constraint FK9ghd1ds0bcao25v3v60at1cvj foreign key (order_id) references user_order (id)
Hibernate: alter table bucket add constraint FK9ghd1ds0bcao25v3v60at1cvj foreign key (order_id) references user_order (id)
2024-12-22T09:37:40.920+05:30 DEBUG 3696 --- [JodoShoppingPortal] [           main] org.hibernate.SQL                        : alter table bucket add constraint FKq7gvh2kh6skovcwbuq20m8ybm foreign key (product_id) references product (id)
Hibernate: alter table bucket add constraint FKq7gvh2kh6skovcwbuq20m8ybm foreign key (product_id) references product (id)
2024-12-22T09:37:40.983+05:30 DEBUG 3696 --- [JodoShoppingPortal] [           main] org.hibernate.SQL                        : alter table cart add constraint FKl70asp4l4w0jmbm1tqyofho4o foreign key (user_id) references user (id)
Hibernate: alter table cart add constraint FKl70asp4l4w0jmbm1tqyofho4o foreign key (user_id) references user (id)
2024-12-22T09:37:41.040+05:30 DEBUG 3696 --- [JodoShoppingPortal] [           main] org.hibernate.SQL                        : alter table cart_item add constraint FK1uobyhgl1wvgt1jpccia8xxs3 foreign key (cart_id) references cart (id)
Hibernate: alter table cart_item add constraint FK1uobyhgl1wvgt1jpccia8xxs3 foreign key (cart_id) references cart (id)
2024-12-22T09:37:41.092+05:30 DEBUG 3696 --- [JodoShoppingPortal] [           main] org.hibernate.SQL                        : alter table cart_item add constraint FKjcyd5wv4igqnw413rgxbfu4nv foreign key (product_id) references product (id)
Hibernate: alter table cart_item add constraint FKjcyd5wv4igqnw413rgxbfu4nv foreign key (product_id) references product (id)
2024-12-22T09:37:41.156+05:30 DEBUG 3696 --- [JodoShoppingPortal] [           main] org.hibernate.SQL                        : alter table product_images add constraint FKi8jnqq05sk5nkma3pfp3ylqrt foreign key (product_id) references product (id)
Hibernate: alter table product_images add constraint FKi8jnqq05sk5nkma3pfp3ylqrt foreign key (product_id) references product (id)
2024-12-22T09:37:41.211+05:30 DEBUG 3696 --- [JodoShoppingPortal] [           main] org.hibernate.SQL                        : alter table product_specifications add constraint FKh8b0x1853mrmmmv4xqjibuead foreign key (product_id) references product (id)
Hibernate: alter table product_specifications add constraint FKh8b0x1853mrmmmv4xqjibuead foreign key (product_id) references product (id)
2024-12-22T09:37:41.275+05:30 DEBUG 3696 --- [JodoShoppingPortal] [           main] org.hibernate.SQL                        : alter table user add constraint FKtqa69bib34k2c0jhe7afqsao6 foreign key (cart_id) references cart (id)
Hibernate: alter table user add constraint FKtqa69bib34k2c0jhe7afqsao6 foreign key (cart_id) references cart (id)
2024-12-22T09:37:41.349+05:30 DEBUG 3696 --- [JodoShoppingPortal] [           main] org.hibernate.SQL                        : alter table user_order add constraint FKj86u1x7csa8yd68ql2y1ibrou foreign key (user_id) references user (id)
Hibernate: alter table user_order add constraint FKj86u1x7csa8yd68ql2y1ibrou foreign key (user_id) references user (id)
2024-12-22T09:37:41.421+05:30 DEBUG 3696 --- [JodoShoppingPortal] [           main] org.hibernate.SQL                        : alter table user_order_bucket add constraint FK1rfha0ok6f4dbnwyvjbvkuaxj foreign key (bucket_id) references bucket (id)
Hibernate: alter table user_order_bucket add constraint FK1rfha0ok6f4dbnwyvjbvkuaxj foreign key (bucket_id) references bucket (id)
2024-12-22T09:37:41.466+05:30 DEBUG 3696 --- [JodoShoppingPortal] [           main] org.hibernate.SQL                        : alter table user_order_bucket add constraint FKm3j350gkl2l53sqixpgkf3m00 foreign key (order_id) references user_order (id)
Hibernate: alter table user_order_bucket add constraint FKm3j350gkl2l53sqixpgkf3m00 foreign key (order_id) references user_order (id)
2024-12-22T09:37:41.529+05:30 DEBUG 3696 --- [JodoShoppingPortal] [           main] org.hibernate.SQL                        : alter table user_roles add constraint FK55itppkw3i07do3h7qoclqd4k foreign key (user_id) references user (id)
Hibernate: alter table user_roles add constraint FK55itppkw3i07do3h7qoclqd4k foreign key (user_id) references user (id)
2024-12-22T09:37:41.592+05:30 DEBUG 3696 --- [JodoShoppingPortal] [           main] org.hibernate.SQL                        : alter table userparameterdetails add constraint FK2umr589r9kr9a25lak2wxq28d foreign key (user_id) references user (id)
Hibernate: alter table userparameterdetails add constraint FK2umr589r9kr9a25lak2wxq28d foreign key (user_id) references user (id)
2024-12-22T09:37:41.671+05:30  INFO 3696 --- [JodoShoppingPortal] [           main] j.LocalContainerEntityManagerFactoryBean : Initialized JPA EntityManagerFactory for persistence unit 'default'
2024-12-22T09:37:44.100+05:30  INFO 3696 --- [JodoShoppingPortal] [           main] o.s.d.j.r.query.QueryEnhancerFactory     : Hibernate is in classpath; If applicable, HQL parser will be used.
2024-12-22T09:37:45.205+05:30  WARN 3696 --- [JodoShoppingPortal] [           main] JpaBaseConfiguration$JpaWebConfiguration : spring.jpa.open-in-view is enabled by default. Therefore, database queries may be performed during view rendering. Explicitly configure spring.jpa.open-in-view to disable this warning
2024-12-22T09:37:46.496+05:30  INFO 3696 --- [JodoShoppingPortal] [           main] o.s.s.web.DefaultSecurityFilterChain     : Will secure any request with [org.springframework.security.web.session.DisableEncodeUrlFilter@1895f7fe, org.springframework.security.web.context.request.async.WebAsyncManagerIntegrationFilter@3a4181ba, org.springframework.security.web.context.SecurityContextHolderFilter@57af157c, org.springframework.security.web.header.HeaderWriterFilter@68330024, org.springframework.security.web.authentication.logout.LogoutFilter@1cda3a6d, com.jodo.portal.security.AuthTokenFilter@5295779, org.springframework.security.web.savedrequest.RequestCacheAwareFilter@68ad030d, org.springframework.security.web.servletapi.SecurityContextHolderAwareRequestFilter@10ef09e3, org.springframework.security.web.authentication.AnonymousAuthenticationFilter@e77c9c3, org.springframework.security.web.session.SessionManagementFilter@6d598162, org.springframework.security.web.access.ExceptionTranslationFilter@4b3ea082, org.springframework.security.web.access.intercept.AuthorizationFilter@43ac3b45]
2024-12-22T09:37:47.901+05:30  INFO 3696 --- [JodoShoppingPortal] [           main] c.j.p.JodoShoppingPortalApplicationTests : Started JodoShoppingPortalApplicationTests in 15.992 seconds (process running for 17.645)
2024-12-22T09:37:47.936+05:30 DEBUG 3696 --- [JodoShoppingPortal] [           main] o.h.e.t.internal.TransactionImpl         : On TransactionImpl creation, JpaCompliance#isJpaTransactionComplianceEnabled == false
2024-12-22T09:37:47.937+05:30 DEBUG 3696 --- [JodoShoppingPortal] [           main] o.h.e.t.internal.TransactionImpl         : begin
2024-12-22T09:37:48.160+05:30 DEBUG 3696 --- [JodoShoppingPortal] [           main] org.hibernate.SQL                        : /* dynamic native SQL query */ select role from user_roles where role = ?
Hibernate: /* dynamic native SQL query */ select role from user_roles where role = ?
2024-12-22T09:37:48.263+05:30 DEBUG 3696 --- [JodoShoppingPortal] [           main] o.h.e.t.internal.TransactionImpl         : committing
2024-12-22T09:37:53.620+05:30 DEBUG 3696 --- [JodoShoppingPortal] [           main] o.h.e.t.internal.TransactionImpl         : On TransactionImpl creation, JpaCompliance#isJpaTransactionComplianceEnabled == false
2024-12-22T09:37:53.621+05:30 DEBUG 3696 --- [JodoShoppingPortal] [           main] o.h.e.t.internal.TransactionImpl         : begin
2024-12-22T09:37:53.736+05:30 DEBUG 3696 --- [JodoShoppingPortal] [           main] org.hibernate.SQL                        : /* insert for com.jodo.portal.model.Cart */insert into cart (totalamount,user_id) values (?,?)
Hibernate: /* insert for com.jodo.portal.model.Cart */insert into cart (totalamount,user_id) values (?,?)
2024-12-22T09:37:53.918+05:30 DEBUG 3696 --- [JodoShoppingPortal] [           main] org.hibernate.SQL                        : /* insert for com.jodo.portal.model.EndUser */insert into user (cart_id,contact,date_of_birth,designation,email,isactive,isdelete,password,profileimage,usercreationdate,userlastupdatedate,username) values (?,?,?,?,?,?,?,?,?,?,?,?)
Hibernate: /* insert for com.jodo.portal.model.EndUser */insert into user (cart_id,contact,date_of_birth,designation,email,isactive,isdelete,password,profileimage,usercreationdate,userlastupdatedate,username) values (?,?,?,?,?,?,?,?,?,?,?,?)
2024-12-22T09:37:53.934+05:30 DEBUG 3696 --- [JodoShoppingPortal] [           main] org.hibernate.SQL                        : /* insert for com.jodo.portal.model.UserParameterDetails */insert into userparameterdetails (description,parameterid,srno,user_id,value) values (?,?,?,?,?)
Hibernate: /* insert for com.jodo.portal.model.UserParameterDetails */insert into userparameterdetails (description,parameterid,srno,user_id,value) values (?,?,?,?,?)
2024-12-22T09:37:53.938+05:30 DEBUG 3696 --- [JodoShoppingPortal] [           main] o.h.e.t.internal.TransactionImpl         : committing
2024-12-22T09:37:54.019+05:30 DEBUG 3696 --- [JodoShoppingPortal] [           main] org.hibernate.SQL                        : /* update for com.jodo.portal.model.Cart */update cart set totalamount=?,user_id=? where id=?
Hibernate: /* update for com.jodo.portal.model.Cart */update cart set totalamount=?,user_id=? where id=?
2024-12-22T09:37:54.058+05:30 DEBUG 3696 --- [JodoShoppingPortal] [           main] org.hibernate.SQL                        : /* insert for com.jodo.portal.model.EndUser.roles */insert into user_roles (user_id,role) values (?,?)
Hibernate: /* insert for com.jodo.portal.model.EndUser.roles */insert into user_roles (user_id,role) values (?,?)
Default SUPERADMIN user created: Abhishek Dubey
[com.jodo.portal.model.FilterCriteria@6fd6d887]
]]></system-out>
    <system-err><![CDATA[WARNING: A Java agent has been loaded dynamically (C:\Users\abhis\.m2\repository\net\bytebuddy\byte-buddy-agent\1.14.19\byte-buddy-agent-1.14.19.jar)
WARNING: If a serviceability tool is in use, please run with -XX:+EnableDynamicAgentLoading to hide this warning
WARNING: If a serviceability tool is not in use, please run with -Djdk.instrument.traceUsage for more information
WARNING: Dynamic loading of agents will be disallowed by default in a future release
]]></system-err>
  </testcase>
</testsuite>